2020-03-07 23:03:310 INFO  MyList:19 - Custom List has been initialized....
2020-03-07 23:03:127 INFO  MyList:22 - Choice chosen!...
2020-03-07 23:03:617 INFO  MyList:29 - A new element has been inserted into custom list...
2020-03-07 23:03:54 INFO  MyList:22 - Choice chosen!...
2020-03-07 23:03:755 INFO  MyList:29 - A new element has been inserted into custom list...
2020-03-07 23:03:149 INFO  MyList:22 - Choice chosen!...
2020-03-07 23:03:549 INFO  MyList:29 - A new element has been inserted into custom list...
2020-03-07 23:03:903 INFO  MyList:22 - Choice chosen!...
2020-03-07 23:03:560 INFO  MyList:29 - A new element has been inserted into custom list...
2020-03-07 23:03:92 INFO  MyList:22 - Choice chosen!...
2020-03-07 23:03:507 INFO  MyList:29 - A new element has been inserted into custom list...
2020-03-07 23:03:888 INFO  MyList:22 - Choice chosen!...
2020-03-07 23:03:394 INFO  MyList:29 - A new element has been inserted into custom list...
2020-03-07 23:03:809 INFO  MyList:22 - Choice chosen!...
2020-03-07 23:03:327 INFO  MyList:29 - A new element has been inserted into custom list...
2020-03-07 23:03:282 INFO  MyList:22 - Choice chosen!...
2020-03-07 23:03:845 INFO  MyList:29 - A new element has been inserted into custom list...
2020-03-07 23:03:252 INFO  MyList:22 - Choice chosen!...
2020-03-07 23:03:817 INFO  MyList:29 - A new element has been inserted into custom list...
2020-03-07 23:03:345 INFO  MyList:22 - Choice chosen!...
2020-03-07 23:03:137 INFO  MyList:29 - A new element has been inserted into custom list...
2020-03-07 23:03:932 INFO  MyList:22 - Choice chosen!...
2020-03-07 23:03:414 INFO  MyList:34 - The size of the list is revised!...
2020-03-07 23:03:415 INFO  MyList:29 - A new element has been inserted into custom list...
2020-03-07 23:03:911 INFO  MyList:22 - Choice chosen!...
2020-03-07 23:03:658 INFO  MyList:29 - A new element has been inserted into custom list...
2020-03-07 23:03:220 INFO  MyList:22 - Choice chosen!...
2020-03-07 23:03:221 INFO  MyList:72 - Custom is viwed on console!...
2020-03-07 23:03:283 INFO  MyList:22 - Choice chosen!...
2020-03-07 23:03:399 INFO  MyList:37 - Error encountered in getting element by index: java.lang.IndexOutOfBoundsException
2020-03-07 23:03:859 INFO  MyList:19 - Custom List has been initialized....
2020-03-07 23:03:806 INFO  MyList:22 - Choice chosen!...
2020-03-07 23:03:422 INFO  MyList:29 - A new element has been inserted into custom list...
2020-03-07 23:03:365 INFO  MyList:22 - Choice chosen!...
2020-03-07 23:03:712 INFO  MyList:29 - A new element has been inserted into custom list...
2020-03-07 23:03:410 INFO  MyList:22 - Choice chosen!...
2020-03-07 23:03:410 INFO  MyList:60 - Ivalid choice is chosen!...
2020-03-07 23:03:401 INFO  MyList:22 - Choice chosen!...
2020-03-07 23:03:401 INFO  MyList:60 - Ivalid choice is chosen!...
2020-03-07 23:03:910 INFO  MyList:22 - Choice chosen!...
2020-03-07 23:03:576 INFO  MyList:29 - A new element has been inserted into custom list...
2020-03-07 23:03:703 INFO  MyList:22 - Choice chosen!...
2020-03-07 23:03:703 INFO  MyList:60 - Ivalid choice is chosen!...
2020-03-07 23:03:844 INFO  MyList:22 - Choice chosen!...
2020-03-07 23:03:844 INFO  MyList:60 - Ivalid choice is chosen!...
2020-03-07 23:03:24 INFO  MyList:22 - Choice chosen!...
2020-03-07 23:03:24 INFO  MyList:60 - Ivalid choice is chosen!...
2020-03-07 23:03:642 INFO  MyList:22 - Choice chosen!...
2020-03-07 23:03:448 INFO  MyList:29 - A new element has been inserted into custom list...
2020-03-07 23:03:53 INFO  MyList:22 - Choice chosen!...
2020-03-07 23:03:95 INFO  MyList:29 - A new element has been inserted into custom list...
2020-03-07 23:03:127 INFO  MyList:22 - Choice chosen!...
2020-03-07 23:03:317 INFO  MyList:29 - A new element has been inserted into custom list...
2020-03-07 23:03:798 INFO  MyList:22 - Choice chosen!...
2020-03-07 23:03:889 INFO  MyList:37 - Error encountered in getting element by index: java.lang.IndexOutOfBoundsException
2020-03-07 23:03:679 INFO  MyList:22 - Choice chosen!...
2020-03-07 23:03:558 INFO  MyList:37 - Error encountered in getting element by index: java.lang.IndexOutOfBoundsException
2020-03-07 23:03:112 INFO  MyList:22 - Choice chosen!...
2020-03-07 23:03:478 INFO  MyList:48 - Error encountered in getting element by index: java.lang.IndexOutOfBoundsException
2020-03-07 23:03:826 INFO  MyList:22 - Choice chosen!...
2020-03-07 23:03:827 INFO  MyList:60 - Ivalid choice is chosen!...
2020-03-07 23:03:537 INFO  MyList:22 - Choice chosen!...
2020-03-07 23:03:537 INFO  MyList:60 - Ivalid choice is chosen!...
2020-03-07 23:03:403 INFO  MyList:22 - Choice chosen!...
2020-03-07 23:03:404 INFO  MyList:72 - Custom is viwed on console!...
